Build started 2017-11-04  星期六 23:04:36.
     1>Project "F:\办公\数据结构\ExprCPro_Task\ExprCPro_Task\ExprCPro_Task.vcxproj" on node 2 (build target(s)).
     1>PrepareForBuild:
         Creating directory "F:\办公\数据结构\ExprCPro_Task\Debug\".
       InitializeBuildStatus:
         Creating "Debug\ExprCPro_Task.unsuccessfulbuild" because "AlwaysCreate" was specified.
       ClCompile:
         d:\Program Files (x86)\Microsoft Visual Studio 10.0\VC\bin\CL.exe /c /ZI /nologo /W3 /WX- /Od /Oy- /D WIN32 /D _DEBUG /D _CONSOLE /D _UNICODE /D UNICODE /Gm /EHsc /RTC1 /MDd /GS /fp:precise /Zc:wchar_t /Zc:forScope /Fo"Debug\\" /Fd"Debug\vc100.pdb" /Gd /TP /analyze- /errorReport:prompt Expr.cpp
         Expr.cpp
       ManifestResourceCompile:
         C:\Program Files (x86)\Microsoft SDKs\Windows\v7.0A\bin\rc.exe /nologo /fo"Debug\ExprCPro_Task.exe.embed.manifest.res" Debug\ExprCPro_Task_manifest.rc 
       Link:
         d:\Program Files (x86)\Microsoft Visual Studio 10.0\VC\bin\link.exe /ERRORREPORT:PROMPT /OUT:"F:\办公\数据结构\ExprCPro_Task\Debug\ExprCPro_Task.exe" /INCREMENTAL /NOLOGO kernel32.lib user32.lib gdi32.lib winspool.lib comdlg32.lib advapi32.lib shell32.lib ole32.lib oleaut32.lib uuid.lib odbc32.lib odbccp32.lib /MANIFEST /ManifestFile:"Debug\ExprCPro_Task.exe.intermediate.manifest" /MANIFESTUAC:"level='asInvoker' uiAccess='false'" /DEBUG /PDB:"F:\办公\数据结构\ExprCPro_Task\Debug\ExprCPro_Task.pdb" /SUBSYSTEM:CONSOLE /TLBID:1 /DYNAMICBASE /NXCOMPAT /IMPLIB:"F:\办公\数据结构\ExprCPro_Task\Debug\ExprCPro_Task.lib" /MACHINE:X86 Debug\ExprCPro_Task.exe.embed.manifest.res
         Debug\Expr.obj
       Manifest:
         C:\Program Files (x86)\Microsoft SDKs\Windows\v7.0A\bin\mt.exe /nologo /verbose /out:"Debug\ExprCPro_Task.exe.embed.manifest" /manifest Debug\ExprCPro_Task.exe.intermediate.manifest
         C:\Program Files (x86)\Microsoft SDKs\Windows\v7.0A\bin\rc.exe /nologo /fo"Debug\ExprCPro_Task.exe.embed.manifest.res" Debug\ExprCPro_Task_manifest.rc 
       LinkEmbedManifest:
         d:\Program Files (x86)\Microsoft Visual Studio 10.0\VC\bin\link.exe /ERRORREPORT:PROMPT /OUT:"F:\办公\数据结构\ExprCPro_Task\Debug\ExprCPro_Task.exe" /INCREMENTAL /NOLOGO kernel32.lib user32.lib gdi32.lib winspool.lib comdlg32.lib advapi32.lib shell32.lib ole32.lib oleaut32.lib uuid.lib odbc32.lib odbccp32.lib /MANIFEST /ManifestFile:"Debug\ExprCPro_Task.exe.intermediate.manifest" /MANIFESTUAC:"level='asInvoker' uiAccess='false'" /DEBUG /PDB:"F:\办公\数据结构\ExprCPro_Task\Debug\ExprCPro_Task.pdb" /SUBSYSTEM:CONSOLE /TLBID:1 /DYNAMICBASE /NXCOMPAT /IMPLIB:"F:\办公\数据结构\ExprCPro_Task\Debug\ExprCPro_Task.lib" /MACHINE:X86 Debug\ExprCPro_Task.exe.embed.manifest.res
         Debug\Expr.obj
         ExprCPro_Task.vcxproj -> F:\办公\数据结构\ExprCPro_Task\Debug\ExprCPro_Task.exe
       FinalizeBuildStatus:
         Deleting file "Debug\ExprCPro_Task.unsuccessfulbuild".
         Touching "Debug\ExprCPro_Task.lastbuildstate".
     1>Done Building Project "F:\办公\数据结构\ExprCPro_Task\ExprCPro_Task\ExprCPro_Task.vcxproj" (build target(s)).

Build succeeded.

Time Elapsed 00:00:02.20
