Build started 2017-11-11  星期六 23:33:53.
     1>Project "F:\办公\数据结构\ParkCPro_task\ParkCPro_task\ParkCPro_task.vcxproj" on node 2 (build target(s)).
     1>PrepareForBuild:
         Creating directory "F:\办公\数据结构\ParkCPro_task\Debug\".
       InitializeBuildStatus:
         Creating "Debug\ParkCPro_task.unsuccessfulbuild" because "AlwaysCreate" was specified.
       ClCompile:
         d:\Program Files (x86)\Microsoft Visual Studio 10.0\VC\bin\CL.exe /c /ZI /nologo /W3 /WX- /Od /Oy- /D WIN32 /D _DEBUG /D _CONSOLE /D _UNICODE /D UNICODE /Gm /EHsc /RTC1 /MDd /GS /fp:precise /Zc:wchar_t /Zc:forScope /Fo"Debug\\" /Fd"Debug\vc100.pdb" /Gd /TP /analyze- /errorReport:prompt App.cpp Park.cpp
         Park.cpp
         App.cpp
         Generating Code...
       ManifestResourceCompile:
         C:\Program Files (x86)\Microsoft SDKs\Windows\v7.0A\bin\rc.exe /nologo /fo"Debug\ParkCPro_task.exe.embed.manifest.res" Debug\ParkCPro_task_manifest.rc 
       Link:
         d:\Program Files (x86)\Microsoft Visual Studio 10.0\VC\bin\link.exe /ERRORREPORT:PROMPT /OUT:"F:\办公\数据结构\ParkCPro_task\Debug\ParkCPro_task.exe" /INCREMENTAL /NOLOGO kernel32.lib user32.lib gdi32.lib winspool.lib comdlg32.lib advapi32.lib shell32.lib ole32.lib oleaut32.lib uuid.lib odbc32.lib odbccp32.lib /MANIFEST /ManifestFile:"Debug\ParkCPro_task.exe.intermediate.manifest" /MANIFESTUAC:"level='asInvoker' uiAccess='false'" /DEBUG /PDB:"F:\办公\数据结构\ParkCPro_task\Debug\ParkCPro_task.pdb" /SUBSYSTEM:CONSOLE /TLBID:1 /DYNAMICBASE /NXCOMPAT /IMPLIB:"F:\办公\数据结构\ParkCPro_task\Debug\ParkCPro_task.lib" /MACHINE:X86 Debug\ParkCPro_task.exe.embed.manifest.res
         Debug\App.obj
         Debug\Park.obj
       Manifest:
         C:\Program Files (x86)\Microsoft SDKs\Windows\v7.0A\bin\mt.exe /nologo /verbose /out:"Debug\ParkCPro_task.exe.embed.manifest" /manifest Debug\ParkCPro_task.exe.intermediate.manifest
         C:\Program Files (x86)\Microsoft SDKs\Windows\v7.0A\bin\rc.exe /nologo /fo"Debug\ParkCPro_task.exe.embed.manifest.res" Debug\ParkCPro_task_manifest.rc 
       LinkEmbedManifest:
         d:\Program Files (x86)\Microsoft Visual Studio 10.0\VC\bin\link.exe /ERRORREPORT:PROMPT /OUT:"F:\办公\数据结构\ParkCPro_task\Debug\ParkCPro_task.exe" /INCREMENTAL /NOLOGO kernel32.lib user32.lib gdi32.lib winspool.lib comdlg32.lib advapi32.lib shell32.lib ole32.lib oleaut32.lib uuid.lib odbc32.lib odbccp32.lib /MANIFEST /ManifestFile:"Debug\ParkCPro_task.exe.intermediate.manifest" /MANIFESTUAC:"level='asInvoker' uiAccess='false'" /DEBUG /PDB:"F:\办公\数据结构\ParkCPro_task\Debug\ParkCPro_task.pdb" /SUBSYSTEM:CONSOLE /TLBID:1 /DYNAMICBASE /NXCOMPAT /IMPLIB:"F:\办公\数据结构\ParkCPro_task\Debug\ParkCPro_task.lib" /MACHINE:X86 Debug\ParkCPro_task.exe.embed.manifest.res
         Debug\App.obj
         Debug\Park.obj
         ParkCPro_task.vcxproj -> F:\办公\数据结构\ParkCPro_task\Debug\ParkCPro_task.exe
       FinalizeBuildStatus:
         Deleting file "Debug\ParkCPro_task.unsuccessfulbuild".
         Touching "Debug\ParkCPro_task.lastbuildstate".
     1>Done Building Project "F:\办公\数据结构\ParkCPro_task\ParkCPro_task\ParkCPro_task.vcxproj" (build target(s)).

Build succeeded.

Time Elapsed 00:00:04.23
