Build started 2017-11-15  星期三 8:52:16.
     1>Project "F:\办公\数据结构\HuffmanCompressCPro\HuffmanCompressCPro\HuffmanCompressCPro.vcxproj" on node 2 (rebuild target(s)).
     1>_PrepareForClean:
         Deleting file "Debug\HuffmanCompressCPro.lastbuildstate".
       InitializeBuildStatus:
         Touching "Debug\HuffmanCompressCPro.unsuccessfulbuild".
       ClCompile:
         d:\Program Files (x86)\Microsoft Visual Studio 10.0\VC\bin\CL.exe /c /ZI /nologo /W3 /WX- /Od /Oy- /D WIN32 /D _DEBUG /D _CONSOLE /D _UNICODE /D UNICODE /Gm /EHsc /RTC1 /MDd /GS /fp:precise /Zc:wchar_t /Zc:forScope /Fo"Debug\\" /Fd"Debug\vc100.pdb" /Gd /TP /analyze- /errorReport:prompt Main.cpp
         Main.cpp
     1>f:\办公\数据结构\huffmancompresscpro\huffmancompresscpro\main.cpp(14): warning C4996: 'fopen': This function or variable may be unsafe. Consider using fopen_s instead. To disable deprecation, use _CRT_SECURE_NO_WARNINGS. See online help for details.
                 d:\program files (x86)\microsoft visual studio 10.0\vc\include\stdio.h(234) : see declaration of 'fopen'
       ManifestResourceCompile:
         C:\Program Files (x86)\Microsoft SDKs\Windows\v7.0A\bin\rc.exe /nologo /fo"Debug\HuffmanCompressCPro.exe.embed.manifest.res" Debug\HuffmanCompressCPro_manifest.rc 
       Link:
         d:\Program Files (x86)\Microsoft Visual Studio 10.0\VC\bin\link.exe /ERRORREPORT:PROMPT /OUT:"F:\办公\数据结构\HuffmanCompressCPro\Debug\HuffmanCompressCPro.exe" /INCREMENTAL /NOLOGO kernel32.lib user32.lib gdi32.lib winspool.lib comdlg32.lib advapi32.lib shell32.lib ole32.lib oleaut32.lib uuid.lib odbc32.lib odbccp32.lib /MANIFEST /ManifestFile:"Debug\HuffmanCompressCPro.exe.intermediate.manifest" /MANIFESTUAC:"level='asInvoker' uiAccess='false'" /DEBUG /PDB:"F:\办公\数据结构\HuffmanCompressCPro\Debug\HuffmanCompressCPro.pdb" /SUBSYSTEM:CONSOLE /TLBID:1 /DYNAMICBASE /NXCOMPAT /IMPLIB:"F:\办公\数据结构\HuffmanCompressCPro\Debug\HuffmanCompressCPro.lib" /MACHINE:X86 Debug\HuffmanCompressCPro.exe.embed.manifest.res
         Debug\Main.obj
       Manifest:
         Deleting file "Debug\HuffmanCompressCPro.exe.embed.manifest".
         C:\Program Files (x86)\Microsoft SDKs\Windows\v7.0A\bin\mt.exe /nologo /verbose /out:"Debug\HuffmanCompressCPro.exe.embed.manifest" /manifest Debug\HuffmanCompressCPro.exe.intermediate.manifest
         C:\Program Files (x86)\Microsoft SDKs\Windows\v7.0A\bin\rc.exe /nologo /fo"Debug\HuffmanCompressCPro.exe.embed.manifest.res" Debug\HuffmanCompressCPro_manifest.rc 
       LinkEmbedManifest:
         d:\Program Files (x86)\Microsoft Visual Studio 10.0\VC\bin\link.exe /ERRORREPORT:PROMPT /OUT:"F:\办公\数据结构\HuffmanCompressCPro\Debug\HuffmanCompressCPro.exe" /INCREMENTAL /NOLOGO kernel32.lib user32.lib gdi32.lib winspool.lib comdlg32.lib advapi32.lib shell32.lib ole32.lib oleaut32.lib uuid.lib odbc32.lib odbccp32.lib /MANIFEST /ManifestFile:"Debug\HuffmanCompressCPro.exe.intermediate.manifest" /MANIFESTUAC:"level='asInvoker' uiAccess='false'" /DEBUG /PDB:"F:\办公\数据结构\HuffmanCompressCPro\Debug\HuffmanCompressCPro.pdb" /SUBSYSTEM:CONSOLE /TLBID:1 /DYNAMICBASE /NXCOMPAT /IMPLIB:"F:\办公\数据结构\HuffmanCompressCPro\Debug\HuffmanCompressCPro.lib" /MACHINE:X86 Debug\HuffmanCompressCPro.exe.embed.manifest.res
         Debug\Main.obj
         HuffmanCompressCPro.vcxproj -> F:\办公\数据结构\HuffmanCompressCPro\Debug\HuffmanCompressCPro.exe
       FinalizeBuildStatus:
         Deleting file "Debug\HuffmanCompressCPro.unsuccessfulbuild".
         Touching "Debug\HuffmanCompressCPro.lastbuildstate".
     1>Done Building Project "F:\办公\数据结构\HuffmanCompressCPro\HuffmanCompressCPro\HuffmanCompressCPro.vcxproj" (rebuild target(s)).

Build succeeded.

Time Elapsed 00:00:05.87
