Build started 2017-10-25  星期三 8:44:26.
     1>Project "E:\数据结构\PolynAddCPro\PolynAddCPro\PolynAddCPro.vcxproj" on node 2 (build target(s)).
     1>InitializeBuildStatus:
         Creating "Debug\PolynAddCPro.unsuccessfulbuild" because "AlwaysCreate" was specified.
       ClCompile:
         d:\Program Files (x86)\Microsoft Visual Studio 10.0\VC\bin\CL.exe /c /ZI /nologo /W3 /WX- /Od /Oy- /D WIN32 /D _DEBUG /D _CONSOLE /D _UNICODE /D UNICODE /Gm /EHsc /RTC1 /MDd /GS /fp:precise /Zc:wchar_t /Zc:forScope /Fo"Debug\\" /Fd"Debug\vc100.pdb" /Gd /TP /analyze- /errorReport:prompt PolynAdd.cpp
         PolynAdd.cpp
     1>e:\数据结构\polynaddcpro\polynaddcpro\polynadd.cpp(87): warning C4715: 'GetInt' : not all control paths return a value
       ManifestResourceCompile:
         All outputs are up-to-date.
       Link:
         d:\Program Files (x86)\Microsoft Visual Studio 10.0\VC\bin\link.exe /ERRORREPORT:PROMPT /OUT:"E:\数据结构\PolynAddCPro\Debug\PolynAddCPro.exe" /INCREMENTAL /NOLOGO kernel32.lib user32.lib gdi32.lib winspool.lib comdlg32.lib advapi32.lib shell32.lib ole32.lib oleaut32.lib uuid.lib odbc32.lib odbccp32.lib /MANIFEST /ManifestFile:"Debug\PolynAddCPro.exe.intermediate.manifest" /MANIFESTUAC:"level='asInvoker' uiAccess='false'" /DEBUG /PDB:"E:\数据结构\PolynAddCPro\Debug\PolynAddCPro.pdb" /SUBSYSTEM:CONSOLE /TLBID:1 /DYNAMICBASE /NXCOMPAT /IMPLIB:"E:\数据结构\PolynAddCPro\Debug\PolynAddCPro.lib" /MACHINE:X86 Debug\PolynAddCPro.exe.embed.manifest.res
         Debug\Polyn.obj
         Debug\PolynAdd.obj
       Manifest:
         C:\Program Files (x86)\Microsoft SDKs\Windows\v7.0A\bin\mt.exe /nologo /verbose /out:"Debug\PolynAddCPro.exe.embed.manifest" /manifest Debug\PolynAddCPro.exe.intermediate.manifest
         All outputs are up-to-date.
       LinkEmbedManifest:
         All outputs are up-to-date.
         PolynAddCPro.vcxproj -> E:\数据结构\PolynAddCPro\Debug\PolynAddCPro.exe
       FinalizeBuildStatus:
         Deleting file "Debug\PolynAddCPro.unsuccessfulbuild".
         Touching "Debug\PolynAddCPro.lastbuildstate".
     1>Done Building Project "E:\数据结构\PolynAddCPro\PolynAddCPro\PolynAddCPro.vcxproj" (build target(s)).

Build succeeded.

Time Elapsed 00:00:00.90
