G:\数据结构\HFMCOMPRESSCPRO\DEBUG\HFMCOMPRESSCPRO.EXE
G:\数据结构\HFMCOMPRESSCPRO\DEBUG\HFMCOMPRESSCPRO.ILK
G:\数据结构\HFMCOMPRESSCPRO\DEBUG\HFMCOMPRESSCPRO.PDB
G:\数据结构\HfmCompressCPro\HfmCompressCPro\Debug\cl.command.1.tlog
G:\数据结构\HfmCompressCPro\HfmCompressCPro\Debug\CL.read.1.tlog
G:\数据结构\HfmCompressCPro\HfmCompressCPro\Debug\CL.write.1.tlog
G:\数据结构\HFMCOMPRESSCPRO\HFMCOMPRESSCPRO\DEBUG\COMPRESS.OBJ
G:\数据结构\HFMCOMPRESSCPRO\HFMCOMPRESSCPRO\DEBUG\HFMCOMPRESSCPRO.EXE.EMBED.MANIFEST
G:\数据结构\HFMCOMPRESSCPRO\HFMCOMPRESSCPRO\DEBUG\HFMCOMPRESSCPRO.EXE.EMBED.MANIFEST.RES
G:\数据结构\HFMCOMPRESSCPRO\HFMCOMPRESSCPRO\DEBUG\HFMCOMPRESSCPRO.EXE.INTERMEDIATE.MANIFEST
G:\数据结构\HfmCompressCPro\HfmCompressCPro\Debug\HfmCompressCPro.write.1.tlog
G:\数据结构\HfmCompressCPro\HfmCompressCPro\Debug\HfmCompressCPro_manifest.rc
G:\数据结构\HFMCOMPRESSCPRO\HFMCOMPRESSCPRO\DEBUG\HUFFMAN.OBJ
G:\数据结构\HfmCompressCPro\HfmCompressCPro\Debug\link.220.read.1.tlog
G:\数据结构\HfmCompressCPro\HfmCompressCPro\Debug\link.220.write.1.tlog
G:\数据结构\HfmCompressCPro\HfmCompressCPro\Debug\link.220-cvtres.read.1.tlog
G:\数据结构\HfmCompressCPro\HfmCompressCPro\Debug\link.220-cvtres.write.1.tlog
G:\数据结构\HfmCompressCPro\HfmCompressCPro\Debug\link.command.1.tlog
G:\数据结构\HfmCompressCPro\HfmCompressCPro\Debug\link.read.1.tlog
G:\数据结构\HfmCompressCPro\HfmCompressCPro\Debug\link.write.1.tlog
G:\数据结构\HfmCompressCPro\HfmCompressCPro\Debug\link-cvtres.read.1.tlog
G:\数据结构\HfmCompressCPro\HfmCompressCPro\Debug\link-cvtres.write.1.tlog
G:\数据结构\HFMCOMPRESSCPRO\HFMCOMPRESSCPRO\DEBUG\MAIN.OBJ
G:\数据结构\HfmCompressCPro\HfmCompressCPro\Debug\mt.command.1.tlog
G:\数据结构\HfmCompressCPro\HfmCompressCPro\Debug\mt.read.1.tlog
G:\数据结构\HfmCompressCPro\HfmCompressCPro\Debug\mt.write.1.tlog
G:\数据结构\HfmCompressCPro\HfmCompressCPro\Debug\rc.command.1.tlog
G:\数据结构\HfmCompressCPro\HfmCompressCPro\Debug\rc.read.1.tlog
G:\数据结构\HfmCompressCPro\HfmCompressCPro\Debug\rc.write.1.tlog
G:\数据结构\HfmCompressCPro\HfmCompressCPro\Debug\vc100.idb
G:\数据结构\HFMCOMPRESSCPRO\HFMCOMPRESSCPRO\DEBUG\VC100.PDB
